Started GET "/" for ::1 at 2021-03-15 15:26:20 -0400

ActiveRecord::NoDatabaseError - FATAL:  database "spotifina_development" does not exist:

Started POST "/__better_errors/57e28e56ab9d352d/variables" for ::1 at 2021-03-15 15:26:20 -0400
  [1m[35m (322.3ms)[0m  [1m[35mCREATE DATABASE "spotifina_development" ENCODING = 'unicode'[0m
  ↳ bin/rails:9
  [1m[35m (182.7ms)[0m  [1m[35mCREATE DATABASE "spotifina_test" ENCODING = 'unicode'[0m
  ↳ bin/rails:9
Started GET "/" for ::1 at 2021-03-15 15:27:27 -0400
Processing by Rails::WelcomeController#index as HTML
  Rendering /Users/chrayshawn/.rbenv/versions/2.5.1/lib/ruby/gems/2.5.0/gems/railties-5.2.4.5/lib/rails/templates/rails/welcome/index.html.erb
  Rendered /Users/chrayshawn/.rbenv/versions/2.5.1/lib/ruby/gems/2.5.0/gems/railties-5.2.4.5/lib/rails/templates/rails/welcome/index.html.erb (2.8ms)
Completed 200 OK in 19ms (Views: 10.0ms | ActiveRecord: 0.0ms)


Started GET "/" for ::1 at 2021-03-15 16:17:21 -0400
Processing by Rails::WelcomeController#index as HTML
  Rendering /Users/chrayshawn/.rbenv/versions/2.5.1/lib/ruby/gems/2.5.0/gems/railties-5.2.4.5/lib/rails/templates/rails/welcome/index.html.erb
  Rendered /Users/chrayshawn/.rbenv/versions/2.5.1/lib/ruby/gems/2.5.0/gems/railties-5.2.4.5/lib/rails/templates/rails/welcome/index.html.erb (5.8ms)
Completed 200 OK in 44ms (Views: 20.8ms | ActiveRecord: 0.0ms)


Started GET "/" for ::1 at 2021-03-15 18:06:29 -0400
Processing by StaticPagesController#root as HTML
Completed 406 Not Acceptable in 163ms (ActiveRecord: 0.0ms)



ActionController::UnknownFormat - StaticPagesController#root is missing a template for this request format and variant.
request.formats: ["text/html"]
request.variant: []
NOTE! For XHR/Ajax or API requests, this action would normally respond with 204 No Content: an empty white screen. Since you're loading it in a web browser, we assume that you expected to actually render a template, not nothing, so we're showing an error to be extra-clear. If you expect 204 No Content, carry on. That's what you'll get from an XHR or API request. Give it a shot.:

Started POST "/__better_errors/a3209200739bffe4/variables" for ::1 at 2021-03-15 18:06:29 -0400
Started GET "/" for ::1 at 2021-03-15 18:07:12 -0400
Processing by StaticPagesController#root as HTML
Completed 406 Not Acceptable in 102ms (ActiveRecord: 0.0ms)



ActionController::UnknownFormat - StaticPagesController#root is missing a template for this request format and variant.
request.formats: ["text/html"]
request.variant: []
NOTE! For XHR/Ajax or API requests, this action would normally respond with 204 No Content: an empty white screen. Since you're loading it in a web browser, we assume that you expected to actually render a template, not nothing, so we're showing an error to be extra-clear. If you expect 204 No Content, carry on. That's what you'll get from an XHR or API request. Give it a shot.:

Started POST "/__better_errors/f9ec81bf04b44c6d/variables" for ::1 at 2021-03-15 18:07:13 -0400
Started GET "/" for ::1 at 2021-03-15 18:07:13 -0400
Processing by StaticPagesController#root as HTML
Completed 406 Not Acceptable in 102ms (ActiveRecord: 0.0ms)



ActionController::UnknownFormat - StaticPagesController#root is missing a template for this request format and variant.
request.formats: ["text/html"]
request.variant: []
NOTE! For XHR/Ajax or API requests, this action would normally respond with 204 No Content: an empty white screen. Since you're loading it in a web browser, we assume that you expected to actually render a template, not nothing, so we're showing an error to be extra-clear. If you expect 204 No Content, carry on. That's what you'll get from an XHR or API request. Give it a shot.:

Started POST "/__better_errors/b7c4d0c84d7a0342/variables" for ::1 at 2021-03-15 18:07:13 -0400
Started GET "/" for ::1 at 2021-03-15 18:07:14 -0400
Processing by StaticPagesController#root as HTML
Completed 406 Not Acceptable in 109ms (ActiveRecord: 0.0ms)



ActionController::UnknownFormat - StaticPagesController#root is missing a template for this request format and variant.
request.formats: ["text/html"]
request.variant: []
NOTE! For XHR/Ajax or API requests, this action would normally respond with 204 No Content: an empty white screen. Since you're loading it in a web browser, we assume that you expected to actually render a template, not nothing, so we're showing an error to be extra-clear. If you expect 204 No Content, carry on. That's what you'll get from an XHR or API request. Give it a shot.:

Started POST "/__better_errors/6c4136c6d0334c62/variables" for ::1 at 2021-03-15 18:07:14 -0400
Started GET "/" for ::1 at 2021-03-15 18:08:37 -0400
Processing by StaticPagesController#root as HTML
Completed 406 Not Acceptable in 107ms (ActiveRecord: 0.0ms)



ActionController::UnknownFormat - StaticPagesController#root is missing a template for this request format and variant.
request.formats: ["text/html"]
request.variant: []
NOTE! For XHR/Ajax or API requests, this action would normally respond with 204 No Content: an empty white screen. Since you're loading it in a web browser, we assume that you expected to actually render a template, not nothing, so we're showing an error to be extra-clear. If you expect 204 No Content, carry on. That's what you'll get from an XHR or API request. Give it a shot.:

Started POST "/__better_errors/c63762f3366c2622/variables" for ::1 at 2021-03-15 18:08:37 -0400
Started GET "/" for ::1 at 2021-03-15 18:08:38 -0400
Processing by StaticPagesController#root as HTML
Completed 406 Not Acceptable in 104ms (ActiveRecord: 0.0ms)



ActionController::UnknownFormat - StaticPagesController#root is missing a template for this request format and variant.
request.formats: ["text/html"]
request.variant: []
NOTE! For XHR/Ajax or API requests, this action would normally respond with 204 No Content: an empty white screen. Since you're loading it in a web browser, we assume that you expected to actually render a template, not nothing, so we're showing an error to be extra-clear. If you expect 204 No Content, carry on. That's what you'll get from an XHR or API request. Give it a shot.:

Started POST "/__better_errors/5b55714d998b57bd/variables" for ::1 at 2021-03-15 18:08:38 -0400
Started GET "/" for ::1 at 2021-03-15 18:08:39 -0400
Processing by StaticPagesController#root as HTML
Completed 406 Not Acceptable in 104ms (ActiveRecord: 0.0ms)



ActionController::UnknownFormat - StaticPagesController#root is missing a template for this request format and variant.
request.formats: ["text/html"]
request.variant: []
NOTE! For XHR/Ajax or API requests, this action would normally respond with 204 No Content: an empty white screen. Since you're loading it in a web browser, we assume that you expected to actually render a template, not nothing, so we're showing an error to be extra-clear. If you expect 204 No Content, carry on. That's what you'll get from an XHR or API request. Give it a shot.:

Started POST "/__better_errors/0cc7fe8f17923898/variables" for ::1 at 2021-03-15 18:08:39 -0400
Started GET "/" for ::1 at 2021-03-15 18:10:52 -0400

SyntaxError - syntax error, unexpected '<'
<main id="root"></main>
^
/Users/chrayshawn/Documents/aA-Classwork/FullstackProject/spotifina/app/controllers/static_pages_controller.rb:1: syntax error, unexpected '<'
<main id="root"></main>
                ^
/Users/chrayshawn/Documents/aA-Classwork/FullstackProject/spotifina/app/controllers/static_pages_controller.rb:1: unterminated regexp meets end of file
<main id="root"></main>
                       ^:
  app/controllers/static_pages_controller.rb:1:in `'

Started POST "/__better_errors/f19b35b836a6afa5/variables" for ::1 at 2021-03-15 18:10:53 -0400
Started GET "/" for ::1 at 2021-03-15 18:10:53 -0400

SyntaxError - syntax error, unexpected '<'
<main id="root"></main>
^
/Users/chrayshawn/Documents/aA-Classwork/FullstackProject/spotifina/app/controllers/static_pages_controller.rb:1: syntax error, unexpected '<'
<main id="root"></main>
                ^
/Users/chrayshawn/Documents/aA-Classwork/FullstackProject/spotifina/app/controllers/static_pages_controller.rb:1: unterminated regexp meets end of file
<main id="root"></main>
                       ^:
  app/controllers/static_pages_controller.rb:1:in `'

Started POST "/__better_errors/7b29b93e54a9de8d/variables" for ::1 at 2021-03-15 18:10:54 -0400
Started GET "/" for ::1 at 2021-03-15 18:10:54 -0400

SyntaxError - syntax error, unexpected '<'
<main id="root"></main>
^
/Users/chrayshawn/Documents/aA-Classwork/FullstackProject/spotifina/app/controllers/static_pages_controller.rb:1: syntax error, unexpected '<'
<main id="root"></main>
                ^
/Users/chrayshawn/Documents/aA-Classwork/FullstackProject/spotifina/app/controllers/static_pages_controller.rb:1: unterminated regexp meets end of file
<main id="root"></main>
                       ^:
  app/controllers/static_pages_controller.rb:1:in `'

Started POST "/__better_errors/96b049ec6fc2c91d/variables" for ::1 at 2021-03-15 18:10:54 -0400
Started GET "/" for ::1 at 2021-03-15 18:10:55 -0400

SyntaxError - syntax error, unexpected '<'
<main id="root"></main>
^
/Users/chrayshawn/Documents/aA-Classwork/FullstackProject/spotifina/app/controllers/static_pages_controller.rb:1: syntax error, unexpected '<'
<main id="root"></main>
                ^
/Users/chrayshawn/Documents/aA-Classwork/FullstackProject/spotifina/app/controllers/static_pages_controller.rb:1: unterminated regexp meets end of file
<main id="root"></main>
                       ^:
  app/controllers/static_pages_controller.rb:1:in `'

Started POST "/__better_errors/75a8baab601eb1bd/variables" for ::1 at 2021-03-15 18:10:55 -0400
Started GET "/" for ::1 at 2021-03-15 18:10:56 -0400

SyntaxError - syntax error, unexpected '<'
<main id="root"></main>
^
/Users/chrayshawn/Documents/aA-Classwork/FullstackProject/spotifina/app/controllers/static_pages_controller.rb:1: syntax error, unexpected '<'
<main id="root"></main>
                ^
/Users/chrayshawn/Documents/aA-Classwork/FullstackProject/spotifina/app/controllers/static_pages_controller.rb:1: unterminated regexp meets end of file
<main id="root"></main>
                       ^:
  app/controllers/static_pages_controller.rb:1:in `'

Started POST "/__better_errors/5b17063cdf1481eb/variables" for ::1 at 2021-03-15 18:10:57 -0400
Started GET "/" for ::1 at 2021-03-15 18:11:00 -0400

SyntaxError - syntax error, unexpected '<'
<main id="root"></main>
^
/Users/chrayshawn/Documents/aA-Classwork/FullstackProject/spotifina/app/controllers/static_pages_controller.rb:1: syntax error, unexpected '<'
<main id="root"></main>
                ^
/Users/chrayshawn/Documents/aA-Classwork/FullstackProject/spotifina/app/controllers/static_pages_controller.rb:1: unterminated regexp meets end of file
<main id="root"></main>
                       ^:
  app/controllers/static_pages_controller.rb:1:in `'

Started POST "/__better_errors/06fe612ff4c5198b/variables" for ::1 at 2021-03-15 18:11:00 -0400
Started GET "/" for ::1 at 2021-03-15 18:11:00 -0400

SyntaxError - syntax error, unexpected '<'
<main id="root"></main>
^
/Users/chrayshawn/Documents/aA-Classwork/FullstackProject/spotifina/app/controllers/static_pages_controller.rb:1: syntax error, unexpected '<'
<main id="root"></main>
                ^
/Users/chrayshawn/Documents/aA-Classwork/FullstackProject/spotifina/app/controllers/static_pages_controller.rb:1: unterminated regexp meets end of file
<main id="root"></main>
                       ^:
  app/controllers/static_pages_controller.rb:1:in `'

Started POST "/__better_errors/f64a795749115425/variables" for ::1 at 2021-03-15 18:11:00 -0400
Started GET "/" for ::1 at 2021-03-15 18:11:00 -0400

SyntaxError - syntax error, unexpected '<'
<main id="root"></main>
^
/Users/chrayshawn/Documents/aA-Classwork/FullstackProject/spotifina/app/controllers/static_pages_controller.rb:1: syntax error, unexpected '<'
<main id="root"></main>
                ^
/Users/chrayshawn/Documents/aA-Classwork/FullstackProject/spotifina/app/controllers/static_pages_controller.rb:1: unterminated regexp meets end of file
<main id="root"></main>
                       ^:
  app/controllers/static_pages_controller.rb:1:in `'

Started POST "/__better_errors/0408b4ca834b68be/variables" for ::1 at 2021-03-15 18:11:00 -0400
Started GET "/" for ::1 at 2021-03-15 18:11:01 -0400

SyntaxError - syntax error, unexpected '<'
<main id="root"></main>
^
/Users/chrayshawn/Documents/aA-Classwork/FullstackProject/spotifina/app/controllers/static_pages_controller.rb:1: syntax error, unexpected '<'
<main id="root"></main>
                ^
/Users/chrayshawn/Documents/aA-Classwork/FullstackProject/spotifina/app/controllers/static_pages_controller.rb:1: unterminated regexp meets end of file
<main id="root"></main>
                       ^:
  app/controllers/static_pages_controller.rb:1:in `'

Started POST "/__better_errors/b7c53a60fe575bc2/variables" for ::1 at 2021-03-15 18:11:01 -0400
Started GET "/" for ::1 at 2021-03-15 18:26:27 -0400
Processing by StaticPagesController#root as HTML
Completed 406 Not Acceptable in 107ms (ActiveRecord: 0.0ms)



ActionController::UnknownFormat - StaticPagesController#root is missing a template for this request format and variant.
request.formats: ["text/html"]
request.variant: []
NOTE! For XHR/Ajax or API requests, this action would normally respond with 204 No Content: an empty white screen. Since you're loading it in a web browser, we assume that you expected to actually render a template, not nothing, so we're showing an error to be extra-clear. If you expect 204 No Content, carry on. That's what you'll get from an XHR or API request. Give it a shot.:

Started POST "/__better_errors/de116d464951efda/variables" for ::1 at 2021-03-15 18:26:27 -0400
Started GET "/" for ::1 at 2021-03-15 18:26:44 -0400

SyntaxError - syntax error, unexpected '<'
<h1>heyyy </h1>
^
/Users/chrayshawn/Documents/aA-Classwork/FullstackProject/spotifina/app/controllers/static_pages_controller.rb:1: unterminated regexp meets end of file
<h1>heyyy </h1>
               ^:
  app/controllers/static_pages_controller.rb:1:in `'

Started POST "/__better_errors/411bfee38220add6/variables" for ::1 at 2021-03-15 18:26:44 -0400
Started GET "/" for ::1 at 2021-03-15 18:26:45 -0400

SyntaxError - syntax error, unexpected '<'
<h1>heyyy </h1>
^
/Users/chrayshawn/Documents/aA-Classwork/FullstackProject/spotifina/app/controllers/static_pages_controller.rb:1: unterminated regexp meets end of file
<h1>heyyy </h1>
               ^:
  app/controllers/static_pages_controller.rb:1:in `'

Started POST "/__better_errors/6e8b9fdf1de7d38b/variables" for ::1 at 2021-03-15 18:26:45 -0400
Started GET "/" for ::1 at 2021-03-15 18:26:45 -0400

SyntaxError - syntax error, unexpected '<'
<h1>heyyy </h1>
^
/Users/chrayshawn/Documents/aA-Classwork/FullstackProject/spotifina/app/controllers/static_pages_controller.rb:1: unterminated regexp meets end of file
<h1>heyyy </h1>
               ^:
  app/controllers/static_pages_controller.rb:1:in `'

Started POST "/__better_errors/97f33967f78bbdab/variables" for ::1 at 2021-03-15 18:26:45 -0400
Started GET "/" for ::1 at 2021-03-15 18:26:45 -0400

SyntaxError - syntax error, unexpected '<'
<h1>heyyy </h1>
^
/Users/chrayshawn/Documents/aA-Classwork/FullstackProject/spotifina/app/controllers/static_pages_controller.rb:1: unterminated regexp meets end of file
<h1>heyyy </h1>
               ^:
  app/controllers/static_pages_controller.rb:1:in `'

Started POST "/__better_errors/65624aab8ef988a0/variables" for ::1 at 2021-03-15 18:26:45 -0400
Started GET "/" for ::1 at 2021-03-15 18:26:45 -0400

SyntaxError - syntax error, unexpected '<'
<h1>heyyy </h1>
^
/Users/chrayshawn/Documents/aA-Classwork/FullstackProject/spotifina/app/controllers/static_pages_controller.rb:1: unterminated regexp meets end of file
<h1>heyyy </h1>
               ^:
  app/controllers/static_pages_controller.rb:1:in `'

Started POST "/__better_errors/45c6214603f11b1a/variables" for ::1 at 2021-03-15 18:26:46 -0400
Started GET "/" for ::1 at 2021-03-15 18:26:46 -0400

SyntaxError - syntax error, unexpected '<'
<h1>heyyy </h1>
^
/Users/chrayshawn/Documents/aA-Classwork/FullstackProject/spotifina/app/controllers/static_pages_controller.rb:1: unterminated regexp meets end of file
<h1>heyyy </h1>
               ^:
  app/controllers/static_pages_controller.rb:1:in `'

Started POST "/__better_errors/67756e0f588fb550/variables" for ::1 at 2021-03-15 18:26:46 -0400
Started GET "/" for ::1 at 2021-03-15 18:26:46 -0400

SyntaxError - syntax error, unexpected '<'
<h1>heyyy </h1>
^
/Users/chrayshawn/Documents/aA-Classwork/FullstackProject/spotifina/app/controllers/static_pages_controller.rb:1: unterminated regexp meets end of file
<h1>heyyy </h1>
               ^:
  app/controllers/static_pages_controller.rb:1:in `'

Started POST "/__better_errors/c78cfec446f7d80a/variables" for ::1 at 2021-03-15 18:26:46 -0400
Started GET "/" for ::1 at 2021-03-15 18:26:46 -0400

SyntaxError - syntax error, unexpected '<'
<h1>heyyy </h1>
^
/Users/chrayshawn/Documents/aA-Classwork/FullstackProject/spotifina/app/controllers/static_pages_controller.rb:1: unterminated regexp meets end of file
<h1>heyyy </h1>
               ^:
  app/controllers/static_pages_controller.rb:1:in `'

Started POST "/__better_errors/311ca6d9b249a781/variables" for ::1 at 2021-03-15 18:26:46 -0400
Started GET "/" for ::1 at 2021-03-15 18:26:46 -0400

SyntaxError - syntax error, unexpected '<'
<h1>heyyy </h1>
^
/Users/chrayshawn/Documents/aA-Classwork/FullstackProject/spotifina/app/controllers/static_pages_controller.rb:1: unterminated regexp meets end of file
<h1>heyyy </h1>
               ^:
  app/controllers/static_pages_controller.rb:1:in `'

Started POST "/__better_errors/3651efe76f97e270/variables" for ::1 at 2021-03-15 18:26:46 -0400
Started GET "/" for ::1 at 2021-03-15 18:26:46 -0400

SyntaxError - syntax error, unexpected '<'
<h1>heyyy </h1>
^
/Users/chrayshawn/Documents/aA-Classwork/FullstackProject/spotifina/app/controllers/static_pages_controller.rb:1: unterminated regexp meets end of file
<h1>heyyy </h1>
               ^:
  app/controllers/static_pages_controller.rb:1:in `'

Started POST "/__better_errors/33d89d1b5c824e3a/variables" for ::1 at 2021-03-15 18:26:46 -0400
Started GET "/" for ::1 at 2021-03-15 18:26:47 -0400

SyntaxError - syntax error, unexpected '<'
<h1>heyyy </h1>
^
/Users/chrayshawn/Documents/aA-Classwork/FullstackProject/spotifina/app/controllers/static_pages_controller.rb:1: unterminated regexp meets end of file
<h1>heyyy </h1>
               ^:
  app/controllers/static_pages_controller.rb:1:in `'

Started POST "/__better_errors/d91f0a877d8290b5/variables" for ::1 at 2021-03-15 18:26:47 -0400
Started GET "/" for ::1 at 2021-03-15 18:26:47 -0400

SyntaxError - syntax error, unexpected '<'
<h1>heyyy </h1>
^
/Users/chrayshawn/Documents/aA-Classwork/FullstackProject/spotifina/app/controllers/static_pages_controller.rb:1: unterminated regexp meets end of file
<h1>heyyy </h1>
               ^:
  app/controllers/static_pages_controller.rb:1:in `'

Started POST "/__better_errors/38e848c4d2a2c706/variables" for ::1 at 2021-03-15 18:26:47 -0400
Started GET "/" for ::1 at 2021-03-15 18:29:57 -0400
Processing by StaticPagesController#root as HTML
Completed 406 Not Acceptable in 100ms (ActiveRecord: 0.0ms)



ActionController::UnknownFormat - StaticPagesController#root is missing a template for this request format and variant.
request.formats: ["text/html"]
request.variant: []
NOTE! For XHR/Ajax or API requests, this action would normally respond with 204 No Content: an empty white screen. Since you're loading it in a web browser, we assume that you expected to actually render a template, not nothing, so we're showing an error to be extra-clear. If you expect 204 No Content, carry on. That's what you'll get from an XHR or API request. Give it a shot.:

Started POST "/__better_errors/61e886fffe0165e5/variables" for ::1 at 2021-03-15 18:29:57 -0400
Started GET "/" for ::1 at 2021-03-15 18:29:58 -0400
Processing by StaticPagesController#root as HTML
Completed 406 Not Acceptable in 104ms (ActiveRecord: 0.0ms)



ActionController::UnknownFormat - StaticPagesController#root is missing a template for this request format and variant.
request.formats: ["text/html"]
request.variant: []
NOTE! For XHR/Ajax or API requests, this action would normally respond with 204 No Content: an empty white screen. Since you're loading it in a web browser, we assume that you expected to actually render a template, not nothing, so we're showing an error to be extra-clear. If you expect 204 No Content, carry on. That's what you'll get from an XHR or API request. Give it a shot.:

Started POST "/__better_errors/b239b5e35d1c88ec/variables" for ::1 at 2021-03-15 18:29:58 -0400
Started GET "/" for ::1 at 2021-03-15 18:29:59 -0400
Processing by StaticPagesController#root as HTML
Completed 406 Not Acceptable in 198ms (ActiveRecord: 0.0ms)



ActionController::UnknownFormat - StaticPagesController#root is missing a template for this request format and variant.
request.formats: ["text/html"]
request.variant: []
NOTE! For XHR/Ajax or API requests, this action would normally respond with 204 No Content: an empty white screen. Since you're loading it in a web browser, we assume that you expected to actually render a template, not nothing, so we're showing an error to be extra-clear. If you expect 204 No Content, carry on. That's what you'll get from an XHR or API request. Give it a shot.:

Started POST "/__better_errors/4352526fedf361ae/variables" for ::1 at 2021-03-15 18:29:59 -0400
Started GET "/" for ::1 at 2021-03-15 18:30:10 -0400
Processing by StaticPagesController#root as HTML
Completed 406 Not Acceptable in 108ms (ActiveRecord: 0.0ms)



ActionController::UnknownFormat - StaticPagesController#root is missing a template for this request format and variant.
request.formats: ["text/html"]
request.variant: []
NOTE! For XHR/Ajax or API requests, this action would normally respond with 204 No Content: an empty white screen. Since you're loading it in a web browser, we assume that you expected to actually render a template, not nothing, so we're showing an error to be extra-clear. If you expect 204 No Content, carry on. That's what you'll get from an XHR or API request. Give it a shot.:

Started POST "/__better_errors/8384269fe1d6c12a/variables" for ::1 at 2021-03-15 18:30:11 -0400
Started GET "/" for ::1 at 2021-03-15 18:30:11 -0400
Processing by StaticPagesController#root as HTML
Completed 406 Not Acceptable in 103ms (ActiveRecord: 0.0ms)



ActionController::UnknownFormat - StaticPagesController#root is missing a template for this request format and variant.
request.formats: ["text/html"]
request.variant: []
NOTE! For XHR/Ajax or API requests, this action would normally respond with 204 No Content: an empty white screen. Since you're loading it in a web browser, we assume that you expected to actually render a template, not nothing, so we're showing an error to be extra-clear. If you expect 204 No Content, carry on. That's what you'll get from an XHR or API request. Give it a shot.:

Started POST "/__better_errors/7135bebd1a9c549b/variables" for ::1 at 2021-03-15 18:30:11 -0400
Started GET "/" for ::1 at 2021-03-15 18:32:09 -0400
Processing by StaticPagesController#root as HTML
Completed 406 Not Acceptable in 225ms (ActiveRecord: 0.0ms)



ActionController::UnknownFormat - StaticPagesController#root is missing a template for this request format and variant.
request.formats: ["text/html"]
request.variant: []
NOTE! For XHR/Ajax or API requests, this action would normally respond with 204 No Content: an empty white screen. Since you're loading it in a web browser, we assume that you expected to actually render a template, not nothing, so we're showing an error to be extra-clear. If you expect 204 No Content, carry on. That's what you'll get from an XHR or API request. Give it a shot.:

Started POST "/__better_errors/933bdd4ede266c8c/variables" for ::1 at 2021-03-15 18:32:10 -0400
Started GET "/" for ::1 at 2021-03-15 18:32:49 -0400
Processing by StaticPagesController#root as HTML
Completed 406 Not Acceptable in 129ms (ActiveRecord: 0.0ms)



ActionController::UnknownFormat - StaticPagesController#root is missing a template for this request format and variant.
request.formats: ["text/html"]
request.variant: []
NOTE! For XHR/Ajax or API requests, this action would normally respond with 204 No Content: an empty white screen. Since you're loading it in a web browser, we assume that you expected to actually render a template, not nothing, so we're showing an error to be extra-clear. If you expect 204 No Content, carry on. That's what you'll get from an XHR or API request. Give it a shot.:

Started POST "/__better_errors/fe975537ac20f7cc/variables" for ::1 at 2021-03-15 18:32:49 -0400
Started GET "/" for ::1 at 2021-03-15 18:32:50 -0400
Processing by StaticPagesController#root as HTML
Completed 406 Not Acceptable in 136ms (ActiveRecord: 0.0ms)



ActionController::UnknownFormat - StaticPagesController#root is missing a template for this request format and variant.
request.formats: ["text/html"]
request.variant: []
NOTE! For XHR/Ajax or API requests, this action would normally respond with 204 No Content: an empty white screen. Since you're loading it in a web browser, we assume that you expected to actually render a template, not nothing, so we're showing an error to be extra-clear. If you expect 204 No Content, carry on. That's what you'll get from an XHR or API request. Give it a shot.:

Started POST "/__better_errors/fbe40e49d0ad2e74/variables" for ::1 at 2021-03-15 18:32:50 -0400
Started GET "/" for ::1 at 2021-03-15 18:33:01 -0400
Processing by StaticPagesController#root as HTML
Completed 406 Not Acceptable in 131ms (ActiveRecord: 0.0ms)



ActionController::UnknownFormat - StaticPagesController#root is missing a template for this request format and variant.
request.formats: ["text/html"]
request.variant: []
NOTE! For XHR/Ajax or API requests, this action would normally respond with 204 No Content: an empty white screen. Since you're loading it in a web browser, we assume that you expected to actually render a template, not nothing, so we're showing an error to be extra-clear. If you expect 204 No Content, carry on. That's what you'll get from an XHR or API request. Give it a shot.:

Started POST "/__better_errors/e97d03571c4fbf53/variables" for ::1 at 2021-03-15 18:33:01 -0400
Started GET "/" for ::1 at 2021-03-15 18:33:02 -0400
Processing by StaticPagesController#root as HTML
Completed 406 Not Acceptable in 128ms (ActiveRecord: 0.0ms)



ActionController::UnknownFormat - StaticPagesController#root is missing a template for this request format and variant.
request.formats: ["text/html"]
request.variant: []
NOTE! For XHR/Ajax or API requests, this action would normally respond with 204 No Content: an empty white screen. Since you're loading it in a web browser, we assume that you expected to actually render a template, not nothing, so we're showing an error to be extra-clear. If you expect 204 No Content, carry on. That's what you'll get from an XHR or API request. Give it a shot.:

Started POST "/__better_errors/18f8bf8a053c5e9b/variables" for ::1 at 2021-03-15 18:33:02 -0400
Started GET "/" for ::1 at 2021-03-15 18:35:19 -0400
Processing by StaticPagesController#root as HTML
  Rendering static_pages/root.html.erb within layouts/application
  Rendered static_pages/root.html.erb within layouts/application (3.7ms)
Completed 200 OK in 1884ms (Views: 1875.8ms | ActiveRecord: 0.0ms)


